<html>
<body>
<pre>
<h1>Vision Build Log</h1>
<h2>Project:</h2>
C:\Users\Wangzx\Desktop\USB_Com\Proj\USB_Com.uvproj
Project File Date:  04/06/2014

<h2>Output:</h2>
Build target 'Target 1'
assembling startup_stm32f10x_hd.s...
compiling misc.c...
compiling stm32f10x_adc.c...
compiling stm32f10x_bkp.c...
compiling stm32f10x_can.c...
compiling stm32f10x_cec.c...
compiling stm32f10x_crc.c...
compiling stm32f10x_dac.c...
compiling stm32f10x_dbgmcu.c...
compiling stm32f10x_dma.c...
compiling stm32f10x_exti.c...
compiling stm32f10x_flash.c...
compiling stm32f10x_fsmc.c...
compiling stm32f10x_gpio.c...
compiling stm32f10x_i2c.c...
compiling stm32f10x_iwdg.c...
compiling stm32f10x_pwr.c...
compiling stm32f10x_rcc.c...
compiling stm32f10x_rtc.c...
compiling stm32f10x_sdio.c...
compiling stm32f10x_spi.c...
compiling stm32f10x_tim.c...
compiling stm32f10x_usart.c...
compiling stm32f10x_wwdg.c...
compiling otgd_fs_cal.c...
compiling otgd_fs_dev.c...
compiling otgd_fs_int.c...
compiling otgd_fs_pcd.c...
compiling usb_core.c...
..\LIB\STM32_USB-FS-Device_Driver\src\usb_core.c(45): error:  #20: identifier "bool" is undefined
..\LIB\STM32_USB-FS-Device_Driver\src\usb_core.c:   bool Data_Mul_MaxPacketSize = FALSE;
..\LIB\STM32_USB-FS-Device_Driver\src\usb_core.c:   ^
..\LIB\STM32_USB-FS-Device_Driver\src\usb_core.c(45): error:  #20: identifier "FALSE" is undefined
..\LIB\STM32_USB-FS-Device_Driver\src\usb_core.c:   bool Data_Mul_MaxPacketSize = FALSE;
..\LIB\STM32_USB-FS-Device_Driver\src\usb_core.c:                                 ^
..\LIB\STM32_USB-FS-Device_Driver\src\usb_core.c(511): error:  #20: identifier "TRUE" is undefined
..\LIB\STM32_USB-FS-Device_Driver\src\usb_core.c:       if(Data_Mul_MaxPacketSize == TRUE)
..\LIB\STM32_USB-FS-Device_Driver\src\usb_core.c:                                    ^
..\LIB\STM32_USB-FS-Device_Driver\src\usb_core.c(854): error:  #20: identifier "TRUE" is undefined
..\LIB\STM32_USB-FS-Device_Driver\src\usb_core.c:           Data_Mul_MaxPacketSize = TRUE;
..\LIB\STM32_USB-FS-Device_Driver\src\usb_core.c:                                    ^
..\LIB\STM32_USB-FS-Device_Driver\src\usb_core.c: ..\LIB\STM32_USB-FS-Device_Driver\src\usb_core.c: 0 warnings, 4 errors
compiling usb_init.c...
compiling usb_int.c...
compiling usb_mem.c...
compiling usb_regs.c...
compiling usb_sil.c...
compiling main.c...
..\USB\inc\hw_config.h(41): error:  #20: identifier "bool" is undefined
..\USB\inc\hw_config.h:   bool USART_Config(void);
..\USB\inc\hw_config.h:   ^
..\USB\inc\usb_pwr.h(55): error:  #20: identifier "bool" is undefined
..\USB\inc\usb_pwr.h:   extern __IO bool fSuspendEnabled;  /* true when suspend is possible */
..\USB\inc\usb_pwr.h:               ^
..\USB\inc\usb_pwr.h: KB: Unexpected type: 0
error type>(127): error:  #20: identifier "comm" is undefined
error type>:      if (comm == 0x63)                    //上位机自动查找采集器是否在线
error type>:          ^
..\User\main.c(134): error: At end of source:  #67: expected a "}"
..\User\main.c(114): warning:  #177-D: variable "i" was declared but never referenced
..\User\main.c:     u16 i;
..\User\main.c:         ^
..\User\main.c(134): error: At end of source:  #67: expected a "}"
..\User\main.c: ..\User\main.c: 1 warning, 5 errors
compiling stm32f10x_it.c...
compiling system_stm32f10x.c...
compiling core_cm3.c...
compiling hw_config.c...
..\USB\inc\hw_config.h(41): error:  #20: identifier "bool" is undefined
..\USB\inc\hw_config.h:   bool USART_Config(void);
..\USB\inc\hw_config.h:   ^
..\USB\inc\usb_pwr.h(55): error:  #20: identifier "bool" is undefined
..\USB\inc\usb_pwr.h:   extern __IO bool fSuspendEnabled;  /* true when suspend is possible */
..\USB\inc\usb_pwr.h:               ^
..\USB\inc\usb_pwr.h: KB: Unexpected type: 0
error type>(24): error:  #5: cannot open source input file "stm32_eval.h": No such file or directory
error type>:   #include "stm32_eval.h"
error type>:                          ^
error type>: ..\USB\hw_config.c: 0 warnings, 3 errors
compiling usb_desc.c...
compiling usb_endp.c...
..\USB\inc\hw_config.h(41): error:  #20: identifier "bool" is undefined
..\USB\inc\hw_config.h:   bool USART_Config(void);
..\USB\inc\hw_config.h:   ^
..\USB\inc\usb_pwr.h(55): error:  #20: identifier "bool" is undefined
..\USB\inc\usb_pwr.h:   extern __IO bool fSuspendEnabled;  /* true when suspend is possible */
..\USB\inc\usb_pwr.h:               ^
..\USB\inc\usb_pwr.h: KB: Unexpected type: 0
error type>(99): warning:  #550-D: variable "USB_Rx_Cnt" was set but never used
error type>:     uint16_t USB_Rx_Cnt;
error type>:              ^
error type>: ..\USB\usb_endp.c: 1 warning, 2 errors
compiling usb_istr.c...
..\USB\inc\usb_pwr.h(55): error:  #20: identifier "bool" is undefined
..\USB\inc\usb_pwr.h:   extern __IO bool fSuspendEnabled;  /* true when suspend is possible */
..\USB\inc\usb_pwr.h:               ^
..\USB\inc\usb_pwr.h: KB: Unexpected type: 0
..\USB\inc\usb_pwr.h: <error type>..\USB\usb_istr.c: 0 warnings, 1 error
compiling usb_prop.c...
..\USB\inc\usb_pwr.h(55): error:  #20: identifier "bool" is undefined
..\USB\inc\usb_pwr.h:   extern __IO bool fSuspendEnabled;  /* true when suspend is possible */
..\USB\inc\usb_pwr.h:               ^
..\USB\inc\usb_pwr.h: KB: Unexpected type: 0
error type>(41): error:  #20: identifier "bool" is undefined
error type>:   bool USART_Config(void);
error type>:   ^
error type>: ..\USB\usb_prop.c: 0 warnings, 2 errors
compiling usb_pwr.c...
..\USB\inc\usb_pwr.h(55): error:  #20: identifier "bool" is undefined
..\USB\inc\usb_pwr.h:   extern __IO bool fSuspendEnabled;  /* true when suspend is possible */
..\USB\inc\usb_pwr.h:               ^
..\USB\inc\usb_pwr.h: KB: Unexpected type: 0
error type>(41): error:  #20: identifier "bool" is undefined
error type>:   bool USART_Config(void);
error type>:   ^
..\USB\usb_pwr.c(28): error:  #20: identifier "bool" is undefined
..\USB\usb_pwr.c:   __IO bool fSuspendEnabled = TRUE;  /* true when suspend is possible */
..\USB\usb_pwr.c:        ^
..\USB\usb_pwr.c: KB: Unexpected type: 0
error type>(28): error:  #20: identifier "TRUE" is undefined
error type>:   __IO bool fSuspendEnabled = TRUE;  /* true when suspend is possible */
error type>:                               ^
error type>: ..\USB\usb_pwr.c: 0 warnings, 4 errors
Target not created
